<?xml version="1.0" encoding="UTF-8" standalone="yes" ?>
<test-results name="C:\Users\Korisnik\Exercism\contribution\delphi\exercises\crypto-square\Win32\Debug\CryptoSquare.exe" total="7" errors="0" failures="0" ignored="0" inconclusive="0" not-run="0" skipped="0" invalid="0" date="2018-11-03" time="0.001">
  <culture-info current-culture="en" current-uiculture="en" />
  <test-suite type="Assembly" name="CryptoSquare.exe" executed="true" result="Success" success="True" time="0.001" asserts="0">
    <results>
        <test-suite type="Namespace" name="uCryptoSquareTest" executed="true" result="Success" success="True" time="0.001" asserts="0" >
          <results>
              <test-suite type="Fixture" name="TCryptoSquareTest" executed="True" result="Success" success="True" time="0.001" >
                <results>
                  <test-case name="empty_plaintext_results_in_an_empty_ciphertext" executed="True" result="Success" success="True" time="0.000" asserts="0" />
                  <test-case name="Lowercase" executed="True" result="Success" success="True" time="0.001" asserts="0" />
                  <test-case name="Remove_spaces" executed="True" result="Success" success="True" time="0.000" asserts="0" />
                  <test-case name="Remove_punctuation" executed="True" result="Success" success="True" time="0.000" asserts="0" />
                  <test-case name="_9_character_plaintext_results_in_3_chunks_of_3_characters" executed="True" result="Success" success="True" time="0.000" asserts="0" />
                  <test-case name="_8_character_plaintext_results_in_3_chunks_the_last_one_with_a_trailing_space" executed="True" result="Success" success="True" time="0.000" asserts="0" />
                  <test-case name="_54_character_plaintext_results_in_7_chunks_the_last_two_with_trailing_spaces" executed="True" result="Success" success="True" time="0.000" asserts="0" />
                </results>
              </test-suite>
          </results>
        </test-suite>
    </results>
  </test-suite>
</test-results>
