<?xml version="1.0" encoding="UTF-8" standalone="yes" ?>
<test-results name="Z:\projects.git\xpascal\exercises\hamming\Win32\Debug\Hamming.exe" total="15" errors="0" failures="0" ignored="0" inconclusive="0" not-run="0" skipped="0" invalid="0" date="2016-10-03" time="0.030">
  <culture-info current-culture="en" current-uiculture="en" />
  <test-suite type="Assembly" name="Hamming.exe" executed="true" result="Success" success="True" time="0.030" asserts="0">
    <results>
        <test-suite type="Namespace" name="uHammingTests" executed="true" result="Success" success="True" time="0.029" asserts="0" >
          <results>
              <test-suite type="Fixture" name="HammingTests" executed="True" result="Success" success="True" time="0.029" >
                <results>
                  <test-case name="test_identical_strands" executed="True" result="Success" success="True" time="0.000" asserts="0" />
                  <test-case name="test_long_identical_strands" executed="True" result="Success" success="True" time="0.000" asserts="0" />
                  <test-case name="test_complete_distance_in_single_nucleotide_strands" executed="True" result="Success" success="True" time="0.000" asserts="0" />
                  <test-case name="test_complete_distance_in_small_strands" executed="True" result="Success" success="True" time="0.000" asserts="0" />
                  <test-case name="test_small_distance_in_small_strands" executed="True" result="Success" success="True" time="0.000" asserts="0" />
                  <test-case name="test_small_distance" executed="True" result="Success" success="True" time="0.000" asserts="0" />
                  <test-case name="test_small_distance_in_long_strands" executed="True" result="Success" success="True" time="0.000" asserts="0" />
                  <test-case name="test_non_unique_character_in_first_strand" executed="True" result="Success" success="True" time="0.000" asserts="0" />
                  <test-case name="test_non_unique_character_in_second_strand" executed="True" result="Success" success="True" time="0.000" asserts="0" />
                  <test-case name="test_same_nucleotides_in_different_positions" executed="True" result="Success" success="True" time="0.000" asserts="0" />
                  <test-case name="test_large_distance" executed="True" result="Success" success="True" time="0.000" asserts="0" />
                  <test-case name="test_large_distance_in_off_by_one_strand" executed="True" result="Success" success="True" time="0.000" asserts="0" />
                  <test-case name="test_empty_strands" executed="True" result="Success" success="True" time="0.000" asserts="0" />
                  <test-case name="test_disallow_first_strand_longer" executed="True" result="Success" success="True" time="0.030" asserts="0" />
                  <test-case name="test_disallow_second_strand_longer" executed="True" result="Success" success="True" time="0.000" asserts="0" />
                </results>
              </test-suite>
          </results>
        </test-suite>
    </results>
  </test-suite>
</test-results>
