<?xml version="1.0" encoding="UTF-8" standalone="yes" ?>
<test-results name="Z:\projects.git\xpascal\exercises\Hello-World\Win32\Debug\TestHelloWorld.exe" total="3" errors="0" failures="0" ignored="0" inconclusive="0" not-run="0" skipped="0" invalid="0" date="2016-10-03" time="0.002">
  <culture-info current-culture="en" current-uiculture="en" />
  <test-suite type="Assembly" name="TestHelloWorld.exe" executed="true" result="Success" success="True" time="0.002" asserts="0">
    <results>
        <test-suite type="Namespace" name="uTestHelloWorld" executed="true" result="Success" success="True" time="0.000" asserts="0" >
          <results>
              <test-suite type="Fixture" name="HelloWorldTest" executed="True" result="Success" success="True" time="0.000" >
                <results>
                  <test-case name="test_no_name" executed="True" result="Success" success="True" time="0.000" asserts="0" />
                  <test-case name="test_sample_name" executed="True" result="Success" success="True" time="0.000" asserts="0" />
                  <test-case name="test_other_sample_name" executed="True" result="Success" success="True" time="0.000" asserts="0" />
                </results>
              </test-suite>
          </results>
        </test-suite>
    </results>
  </test-suite>
</test-results>
