<?xml version="1.0" encoding="UTF-8" standalone="yes" ?>
<test-results name="Z:\projects.git\xpascal\exercises\bowling\Win32\Debug\BowlingTests.exe" total="1" errors="0" failures="0" ignored="4" inconclusive="0" not-run="4" skipped="0" invalid="0" date="2016-10-04" time="0.002">
  <culture-info current-culture="en" current-uiculture="en" />
  <test-suite type="Assembly" name="BowlingTests.exe" executed="true" result="Success" success="True" time="0.002" asserts="0">
    <results>
        <test-suite type="Namespace" name="uBowlingTests" executed="true" result="Success" success="True" time="0.000" asserts="0" >
          <results>
              <test-suite type="Fixture" name="BowlingTests" executed="True" result="Success" success="True" time="0.000" >
                <results>
                  <test-case name="Gutter_game" executed="True" result="Success" success="True" time="0.000" asserts="0" />
                  <test-case name="All_ones_game" executed="False" result="Ignored"  time="0.000" asserts="0" >
                    <reason>
                      <message>
                        <![CDATA[  ]]>
                      </message>
                    </reason>
                  </test-case>
                  <test-case name="One_spare_game" executed="False" result="Ignored"  time="0.000" asserts="0" >
                    <reason>
                      <message>
                        <![CDATA[  ]]>
                      </message>
                    </reason>
                  </test-case>
                  <test-case name="One_strike_game" executed="False" result="Ignored"  time="0.000" asserts="0" >
                    <reason>
                      <message>
                        <![CDATA[  ]]>
                      </message>
                    </reason>
                  </test-case>
                  <test-case name="Perfect_game" executed="False" result="Ignored"  time="0.000" asserts="0" >
                    <reason>
                      <message>
                        <![CDATA[  ]]>
                      </message>
                    </reason>
                  </test-case>
                </results>
              </test-suite>
          </results>
        </test-suite>
    </results>
  </test-suite>
</test-results>
